<?xml version="1.0" encoding="UTF-8"?>
<testsuite name="com.test.ia_prompt.IaPromptApplicationTests" tests="1" skipped="0" failures="0" errors="0" timestamp="2026-05-20T22:02:26.829Z" hostname="192.168.0.54" time="0.043">
  <properties/>
  <testcase name="testAskQuestion()" classname="com.test.ia_prompt.IaPromptApplicationTests" time="0.043"/>
  <system-out><![CDATA[2026-05-20T19:02:26.721-03:00  INFO 6278 --- [ia-prompt] [    Test worker] t.c.s.AnnotationConfigContextLoaderUtils : Could not detect default configuration classes for test class [com.test.ia_prompt.IaPromptApplicationTests]: IaPromptApplicationTests does not declare any static, non-private, non-final, nested classes annotated with @Configuration.
2026-05-20T19:02:26.722-03:00  INFO 6278 --- [ia-prompt] [    Test worker] .b.t.c.SpringBootTestContextBootstrapper : Found @SpringBootConfiguration com.test.ia_prompt.IaPromptApplication for test class com.test.ia_prompt.IaPromptApplicationTests

  .   ____          _            __ _ _
 /\\ / ___'_ __ _ _(_)_ __  __ _ \ \ \ \
( ( )\___ | '_ | '_| | '_ \/ _` | \ \ \ \
 \\/  ___)| |_)| | | | | || (_| |  ) ) ) )
  '  |____| .__|_| |_|_| |_\__, | / / / /
 =========|_|==============|___/=/_/_/_/

 :: Spring Boot ::               (v3.5.14)

2026-05-20T19:02:26.732-03:00  INFO 6278 --- [ia-prompt] [    Test worker] org.wiremock.spring.internal.Store       : Resolving store from context: ia-prompt
2026-05-20T19:02:26.732-03:00  INFO 6278 --- [ia-prompt] [    Test worker] c.w.s.i.WireMockServerCreator wiremock   : Looking for mocks in directory wiremock/wiremock... 
2026-05-20T19:02:26.732-03:00  INFO 6278 --- [ia-prompt] [    Test worker] c.w.s.i.WireMockServerCreator wiremock   : Looking for mocks in directory stubs/wiremock... 
2026-05-20T19:02:26.732-03:00  INFO 6278 --- [ia-prompt] [    Test worker] c.w.s.i.WireMockServerCreator wiremock   : Looking for mocks in directory mappings/wiremock... 
2026-05-20T19:02:26.732-03:00  INFO 6278 --- [ia-prompt] [    Test worker] c.w.s.i.WireMockServerCreator wiremock   : Looking for mocks in directory wiremock... 
2026-05-20T19:02:26.732-03:00  INFO 6278 --- [ia-prompt] [    Test worker] c.w.s.i.WireMockServerCreator wiremock   : Looking for mocks in directory stubs... 
2026-05-20T19:02:26.733-03:00  INFO 6278 --- [ia-prompt] [    Test worker] c.w.s.i.WireMockServerCreator wiremock   : Looking for mocks in directory mappings... 
2026-05-20T19:02:26.733-03:00  INFO 6278 --- [ia-prompt] [    Test worker] c.w.s.i.WireMockServerCreator wiremock   : No mocks found under directory
2026-05-20T19:02:26.733-03:00  INFO 6278 --- [ia-prompt] [    Test worker] c.w.s.i.WireMockServerCreator wiremock   : No mocks found under classpath
2026-05-20T19:02:26.733-03:00  INFO 6278 --- [ia-prompt] [    Test worker] c.w.s.i.WireMockServerCreator wiremock   : Configuring WireMockServer with name 'wiremock' on HTTP port: 0 and HTTPS port: -1
2026-05-20T19:02:26.735-03:00  INFO 6278 --- [ia-prompt] [    Test worker] WireMock.wiremock                        : Using HTTP server impl: Jetty12HttpServer
2026-05-20T19:02:26.735-03:00  INFO 6278 --- [ia-prompt] [    Test worker] org.eclipse.jetty.server.Server          : jetty-12.0.34; built: 2026-04-01T05:45:03.823Z; git: 57e7adb250592bd15f573e7820be9b64632c6637; jvm 25.0.2+10-LTS
2026-05-20T19:02:26.735-03:00  INFO 6278 --- [ia-prompt] [    Test worker] o.e.jetty.server.handler.ContextHandler  : Started oeje10s.ServletContextHandler@4138af7{/__admin,/__admin,b=null,a=AVAILABLE,h=oeje10s.ServletHandler@5bbf3869{STARTED}}
2026-05-20T19:02:26.736-03:00  WARN 6278 --- [ia-prompt] [    Test worker] o.eclipse.jetty.util.DeprecationWarning  : Using @Deprecated Class org.eclipse.jetty.ee10.servlets.CrossOriginFilter
2026-05-20T19:02:26.736-03:00  INFO 6278 --- [ia-prompt] [    Test worker] o.e.j.e.servlet.ServletContextHandler    : Started oeje10s.ServletContextHandler@4138af7{/__admin,/__admin,b=null,a=AVAILABLE,h=oeje10s.ServletHandler@5bbf3869{STARTED}}
2026-05-20T19:02:26.736-03:00  INFO 6278 --- [ia-prompt] [    Test worker] o.e.jetty.server.handler.ContextHandler  : Started oeje10s.ServletContextHandler@64dfa1a3{ROOT,/,b=null,a=AVAILABLE,h=oeje10s.ServletHandler@1f5a1ad4{STARTED}}
2026-05-20T19:02:26.736-03:00  INFO 6278 --- [ia-prompt] [    Test worker] o.e.j.s.handler.ContextHandler.ROOT      : RequestHandlerClass from context returned com.github.tomakehurst.wiremock.http.StubRequestHandler. Normalized mapped under returned 'null'
2026-05-20T19:02:26.736-03:00  INFO 6278 --- [ia-prompt] [    Test worker] o.e.j.e.servlet.ServletContextHandler    : Started oeje10s.ServletContextHandler@64dfa1a3{ROOT,/,b=null,a=AVAILABLE,h=oeje10s.ServletHandler@1f5a1ad4{STARTED}}
2026-05-20T19:02:26.736-03:00  INFO 6278 --- [ia-prompt] [    Test worker] o.e.jetty.server.AbstractConnector       : Started NetworkTrafficServerConnector@51d6b713{HTTP/1.1, (http/1.1, h2c)}{0.0.0.0:50750}
2026-05-20T19:02:26.737-03:00  INFO 6278 --- [ia-prompt] [    Test worker] org.eclipse.jetty.server.Server          : Started oejs.Server@1067bc4c{STARTING}[12.0.34,sto=1000] @1743ms
2026-05-20T19:02:26.737-03:00  INFO 6278 --- [ia-prompt] [    Test worker] c.w.s.i.WireMockServerCreator wiremock   : Started WireMockServer with name 'wiremock':http://localhost:50750
2026-05-20T19:02:26.737-03:00  INFO 6278 --- [ia-prompt] [    Test worker] org.wiremock.spring.internal.Store       : Resolving store from context: ia-prompt
2026-05-20T19:02:26.737-03:00  INFO 6278 --- [ia-prompt] [    Test worker] c.w.s.i.WireMockServerCreator wiremock   : Adding property 'openai.base.url=http://localhost:50750' with HTTP base URL to Spring application context
2026-05-20T19:02:26.737-03:00  INFO 6278 --- [ia-prompt] [    Test worker] c.w.s.i.WireMockServerCreator wiremock   : Adding property 'wiremock.server.port=50750' with HTTP port to Spring application context
2026-05-20T19:02:26.738-03:00  INFO 6278 --- [ia-prompt] [    Test worker] c.t.ia_prompt.IaPromptApplicationTests   : Starting IaPromptApplicationTests using Java 25.0.2 with PID 6278 (started by jucami90 in /Users/jucami90/Documents/GitHub/IA-Spring)
2026-05-20T19:02:26.738-03:00  INFO 6278 --- [ia-prompt] [    Test worker] c.t.ia_prompt.IaPromptApplicationTests   : No active profile set, falling back to 1 default profile: "default"
2026-05-20T19:02:26.828-03:00  INFO 6278 --- [ia-prompt] [    Test worker] c.t.ia_prompt.IaPromptApplicationTests   : Started IaPromptApplicationTests in 0.104 seconds (process running for 1.835)
2026-05-20T19:02:26.830-03:00  INFO 6278 --- [ia-prompt] [    Test worker] org.wiremock.spring.internal.Store       : Resolving store from context: ia-prompt
2026-05-20T19:02:26.830-03:00  INFO 6278 --- [ia-prompt] [    Test worker] org.wiremock.spring.internal.Store       : Resolving store from context: ia-prompt
2026-05-20T19:02:26.830-03:00  INFO 6278 --- [ia-prompt] [    Test worker] o.w.s.i.WireMockSpringJunitExtension     : Configuring WireMock for default instance, 'wiremock' on '50750'.
2026-05-20T19:02:26.834-03:00  INFO 6278 --- [ia-prompt] [tp1899408794-62] o.e.j.s.handler.ContextHandler.___admin  : RequestHandlerClass from context returned com.github.tomakehurst.wiremock.http.AdminRequestHandler. Normalized mapped under returned 'null'
2026-05-20T19:02:26.834-03:00  INFO 6278 --- [ia-prompt] [tp1899408794-62] WireMock.wiremock                        : Admin request received:
127.0.0.1 - POST /mappings

Content-Type: [application/json]
Host: [localhost:50750]
Content-Length: [1187]
Connection: [keep-alive]
User-Agent: [Apache-HttpClient/5.5.2 (Java/25.0.2)]
{
  "id" : "7e5be683-8a86-4245-a5ce-a8c4ff176737",
  "request" : {
    "url" : "/v1/chat/completions",
    "method" : "POST"
  },
  "response" : {
    "status" : 200,
    "body" : "{\n  \"id\" : \"chatcmpl-BOVzVYyegszUuxVuOwVsCtaslIxs2\",\n  \"object\" : \"chat.completion\",\n  \"created\" : 1745182545,\n  \"model\" : \"gpt-4.5-preview-2025-02-27\",\n  \"choices\" : [ {\n    \"index\" : 0,\n    \"message\" : {\n      \"role\" : \"assistant\",\n      \"content\" : \"Paris\",\n      \"refusal\" : null,\n      \"annotations\" : [ ]\n    },\n    \"finish_reason\" : \"stop\"\n  } ],\n  \"usage\" : {\n    \"prompt_tokens\" : 11,\n    \"completion_tokens\" : 13,\n    \"total_tokens\" : 24,\n    \"prompt_tokens_details\" : {\n      \"cached_tokens\" : 0,\n      \"audio_tokens\" : 0\n    },\n    \"completion_tokens_details\" : {\n      \"reasoning_tokens\" : 0,\n      \"audio_tokens\" : 0,\n      \"accepted_prediction_tokens\" : 0,\n      \"rejected_prediction_tokens\" : 0\n    }\n  },\n  \"service_tier\" : \"default\",\n  \"system_fingerprint\" : null\n}",
    "headers" : {
      "Content-Type" : "application/json"
    }
  },
  "uuid" : "7e5be683-8a86-4245-a5ce-a8c4ff176737"
}

2026-05-20T19:02:26.863-03:00  INFO 6278 --- [ia-prompt] [tp1899408794-56] WireMock.wiremock                        : Request received:
127.0.0.1 - POST /v1/chat/completions

Content-Type: [application/json]
User-Agent: [spring-ai]
Authorization: [Bearer ${SPRING_AI_OPENAI_API_KEY}]
Accept-Encoding: [gzip, x-gzip, deflate]
Host: [localhost:50750]
Transfer-Encoding: [chunked]
Connection: [keep-alive]
{"messages":[{"content":"What is the capital of France?","role":"user"}],"model":"gpt-4o-mini","stream":false,"temperature":0.7}


Matched response definition:
{
  "status" : 200,
  "body" : "{\n  \"id\" : \"chatcmpl-BOVzVYyegszUuxVuOwVsCtaslIxs2\",\n  \"object\" : \"chat.completion\",\n  \"created\" : 1745182545,\n  \"model\" : \"gpt-4.5-preview-2025-02-27\",\n  \"choices\" : [ {\n    \"index\" : 0,\n    \"message\" : {\n      \"role\" : \"assistant\",\n      \"content\" : \"Paris\",\n      \"refusal\" : null,\n      \"annotations\" : [ ]\n    },\n    \"finish_reason\" : \"stop\"\n  } ],\n  \"usage\" : {\n    \"prompt_tokens\" : 11,\n    \"completion_tokens\" : 13,\n    \"total_tokens\" : 24,\n    \"prompt_tokens_details\" : {\n      \"cached_tokens\" : 0,\n      \"audio_tokens\" : 0\n    },\n    \"completion_tokens_details\" : {\n      \"reasoning_tokens\" : 0,\n      \"audio_tokens\" : 0,\n      \"accepted_prediction_tokens\" : 0,\n      \"rejected_prediction_tokens\" : 0\n    }\n  },\n  \"service_tier\" : \"default\",\n  \"system_fingerprint\" : null\n}",
  "headers" : {
    "Content-Type" : "application/json"
  }
}

Response:
HTTP/1.1 200
Content-Type: [application/json]
Matched-Stub-Id: [7e5be683-8a86-4245-a5ce-a8c4ff176737]

]]></system-out>
  <system-err><![CDATA[]]></system-err>
</testsuite>
