<?xml version="1.0" encoding="UTF-8"?>
<testsuite name="com.test.ia_prompt.OllamaAiServiceTests" tests="1" skipped="0" failures="0" errors="0" timestamp="2026-05-20T20:15:17.766Z" hostname="192.168.0.54" time="0.018">
  <properties/>
  <testcase name="testAskQuestion()" classname="com.test.ia_prompt.OllamaAiServiceTests" time="0.018"/>
  <system-out><![CDATA[2026-05-20T17:15:17.666-03:00  INFO 44271 --- [ia-prompt] [    Test worker] t.c.s.AnnotationConfigContextLoaderUtils : Could not detect default configuration classes for test class [com.test.ia_prompt.OllamaAiServiceTests]: OllamaAiServiceTests does not declare any static, non-private, non-final, nested classes annotated with @Configuration.
2026-05-20T17:15:17.667-03:00  INFO 44271 --- [ia-prompt] [    Test worker] .b.t.c.SpringBootTestContextBootstrapper : Found @SpringBootConfiguration com.test.ia_prompt.IaPromptApplication for test class com.test.ia_prompt.OllamaAiServiceTests

  .   ____          _            __ _ _
 /\\ / ___'_ __ _ _(_)_ __  __ _ \ \ \ \
( ( )\___ | '_ | '_| | '_ \/ _` | \ \ \ \
 \\/  ___)| |_)| | | | | || (_| |  ) ) ) )
  '  |____| .__|_| |_|_| |_\__, | / / / /
 =========|_|==============|___/=/_/_/_/

 :: Spring Boot ::               (v3.5.14)

2026-05-20T17:15:17.674-03:00  INFO 44271 --- [ia-prompt] [    Test worker] org.wiremock.spring.internal.Store       : Resolving store from context: ia-prompt
2026-05-20T17:15:17.674-03:00  INFO 44271 --- [ia-prompt] [    Test worker] c.w.s.i.WireMockServerCreator wiremock   : Looking for mocks in directory wiremock/wiremock... 
2026-05-20T17:15:17.674-03:00  INFO 44271 --- [ia-prompt] [    Test worker] c.w.s.i.WireMockServerCreator wiremock   : Looking for mocks in directory stubs/wiremock... 
2026-05-20T17:15:17.674-03:00  INFO 44271 --- [ia-prompt] [    Test worker] c.w.s.i.WireMockServerCreator wiremock   : Looking for mocks in directory mappings/wiremock... 
2026-05-20T17:15:17.674-03:00  INFO 44271 --- [ia-prompt] [    Test worker] c.w.s.i.WireMockServerCreator wiremock   : Looking for mocks in directory wiremock... 
2026-05-20T17:15:17.675-03:00  INFO 44271 --- [ia-prompt] [    Test worker] c.w.s.i.WireMockServerCreator wiremock   : Looking for mocks in directory stubs... 
2026-05-20T17:15:17.675-03:00  INFO 44271 --- [ia-prompt] [    Test worker] c.w.s.i.WireMockServerCreator wiremock   : Looking for mocks in directory mappings... 
2026-05-20T17:15:17.675-03:00  INFO 44271 --- [ia-prompt] [    Test worker] c.w.s.i.WireMockServerCreator wiremock   : No mocks found under directory
2026-05-20T17:15:17.675-03:00  INFO 44271 --- [ia-prompt] [    Test worker] c.w.s.i.WireMockServerCreator wiremock   : No mocks found under classpath
2026-05-20T17:15:17.675-03:00  INFO 44271 --- [ia-prompt] [    Test worker] c.w.s.i.WireMockServerCreator wiremock   : Configuring WireMockServer with name 'wiremock' on HTTP port: 0 and HTTPS port: -1
2026-05-20T17:15:17.677-03:00  INFO 44271 --- [ia-prompt] [    Test worker] WireMock.wiremock                        : Using HTTP server impl: Jetty12HttpServer
2026-05-20T17:15:17.677-03:00  INFO 44271 --- [ia-prompt] [    Test worker] org.eclipse.jetty.server.Server          : jetty-12.0.34; built: 2026-04-01T05:45:03.823Z; git: 57e7adb250592bd15f573e7820be9b64632c6637; jvm 25.0.2+10-LTS
2026-05-20T17:15:17.678-03:00  INFO 44271 --- [ia-prompt] [    Test worker] o.e.jetty.server.handler.ContextHandler  : Started oeje10s.ServletContextHandler@2f1b8770{/__admin,/__admin,b=null,a=AVAILABLE,h=oeje10s.ServletHandler@74fd5fb0{STARTED}}
2026-05-20T17:15:17.678-03:00  WARN 44271 --- [ia-prompt] [    Test worker] o.eclipse.jetty.util.DeprecationWarning  : Using @Deprecated Class org.eclipse.jetty.ee10.servlets.CrossOriginFilter
2026-05-20T17:15:17.678-03:00  INFO 44271 --- [ia-prompt] [    Test worker] o.e.j.e.servlet.ServletContextHandler    : Started oeje10s.ServletContextHandler@2f1b8770{/__admin,/__admin,b=null,a=AVAILABLE,h=oeje10s.ServletHandler@74fd5fb0{STARTED}}
2026-05-20T17:15:17.678-03:00  INFO 44271 --- [ia-prompt] [    Test worker] o.e.jetty.server.handler.ContextHandler  : Started oeje10s.ServletContextHandler@7c16cc25{ROOT,/,b=null,a=AVAILABLE,h=oeje10s.ServletHandler@4f96e484{STARTED}}
2026-05-20T17:15:17.678-03:00  INFO 44271 --- [ia-prompt] [    Test worker] o.e.j.s.handler.ContextHandler.ROOT      : RequestHandlerClass from context returned com.github.tomakehurst.wiremock.http.StubRequestHandler. Normalized mapped under returned 'null'
2026-05-20T17:15:17.678-03:00  INFO 44271 --- [ia-prompt] [    Test worker] o.e.j.e.servlet.ServletContextHandler    : Started oeje10s.ServletContextHandler@7c16cc25{ROOT,/,b=null,a=AVAILABLE,h=oeje10s.ServletHandler@4f96e484{STARTED}}
2026-05-20T17:15:17.679-03:00  INFO 44271 --- [ia-prompt] [    Test worker] o.e.jetty.server.AbstractConnector       : Started NetworkTrafficServerConnector@3cc5ca01{HTTP/1.1, (http/1.1, h2c)}{0.0.0.0:54273}
2026-05-20T17:15:17.679-03:00  INFO 44271 --- [ia-prompt] [    Test worker] org.eclipse.jetty.server.Server          : Started oejs.Server@4b8466c2{STARTING}[12.0.34,sto=1000] @2121ms
2026-05-20T17:15:17.679-03:00  INFO 44271 --- [ia-prompt] [    Test worker] c.w.s.i.WireMockServerCreator wiremock   : Started WireMockServer with name 'wiremock':http://localhost:54273
2026-05-20T17:15:17.679-03:00  INFO 44271 --- [ia-prompt] [    Test worker] org.wiremock.spring.internal.Store       : Resolving store from context: ia-prompt
2026-05-20T17:15:17.679-03:00  INFO 44271 --- [ia-prompt] [    Test worker] c.w.s.i.WireMockServerCreator wiremock   : Adding property 'ollama.base.url=http://localhost:54273' with HTTP base URL to Spring application context
2026-05-20T17:15:17.679-03:00  INFO 44271 --- [ia-prompt] [    Test worker] c.w.s.i.WireMockServerCreator wiremock   : Adding property 'wiremock.server.port=54273' with HTTP port to Spring application context
2026-05-20T17:15:17.680-03:00  INFO 44271 --- [ia-prompt] [    Test worker] c.test.ia_prompt.OllamaAiServiceTests    : Starting OllamaAiServiceTests using Java 25.0.2 with PID 44271 (started by jucami90 in /Users/jucami90/Documents/GitHub/IA-Spring)
2026-05-20T17:15:17.680-03:00  INFO 44271 --- [ia-prompt] [    Test worker] c.test.ia_prompt.OllamaAiServiceTests    : No active profile set, falling back to 1 default profile: "default"
2026-05-20T17:15:17.765-03:00  INFO 44271 --- [ia-prompt] [    Test worker] c.test.ia_prompt.OllamaAiServiceTests    : Started OllamaAiServiceTests in 0.097 seconds (process running for 2.208)
2026-05-20T17:15:17.766-03:00  INFO 44271 --- [ia-prompt] [    Test worker] org.wiremock.spring.internal.Store       : Resolving store from context: ia-prompt
2026-05-20T17:15:17.766-03:00  INFO 44271 --- [ia-prompt] [    Test worker] org.wiremock.spring.internal.Store       : Resolving store from context: ia-prompt
2026-05-20T17:15:17.766-03:00  INFO 44271 --- [ia-prompt] [    Test worker] o.w.s.i.WireMockSpringJunitExtension     : Configuring WireMock for default instance, 'wiremock' on '54273'.
2026-05-20T17:15:17.770-03:00  INFO 44271 --- [ia-prompt] [qtp288663860-73] o.e.j.s.handler.ContextHandler.___admin  : RequestHandlerClass from context returned com.github.tomakehurst.wiremock.http.AdminRequestHandler. Normalized mapped under returned 'null'
2026-05-20T17:15:17.770-03:00  INFO 44271 --- [ia-prompt] [qtp288663860-73] WireMock.wiremock                        : Admin request received:
127.0.0.1 - POST /mappings

Content-Type: [application/json]
Host: [localhost:54273]
Content-Length: [716]
Connection: [keep-alive]
User-Agent: [Apache-HttpClient/5.5.2 (Java/25.0.2)]
{
  "id" : "bc8d51a7-9969-4cd9-968c-d0287c66a3b6",
  "request" : {
    "url" : "/api/chat",
    "method" : "POST"
  },
  "response" : {
    "status" : 200,
    "body" : "{\n  \"model\" : \"gemma3\",\n  \"created_at\" : \"2025-01-01T00:00:00.000000000Z\",\n  \"message\" : {\n    \"role\" : \"assistant\",\n    \"content\" : \"Paris\"\n  },\n  \"done\" : true,\n  \"done_reason\" : \"stop\",\n  \"total_duration\" : 1000000000,\n  \"load_duration\" : 100000000,\n  \"prompt_eval_count\" : 10,\n  \"prompt_eval_duration\" : 200000000,\n  \"eval_count\" : 3,\n  \"eval_duration\" : 700000000\n}",
    "headers" : {
      "Content-Type" : "application/json"
    }
  },
  "uuid" : "bc8d51a7-9969-4cd9-968c-d0287c66a3b6"
}

2026-05-20T17:15:17.778-03:00  INFO 44271 --- [ia-prompt] [qtp288663860-66] WireMock.wiremock                        : Request received:
127.0.0.1 - POST /api/chat

Content-Type: [application/json]
Accept: [application/json]
Accept-Encoding: [gzip, x-gzip, deflate]
Host: [localhost:54273]
Transfer-Encoding: [chunked]
Connection: [keep-alive]
User-Agent: [Apache-HttpClient/5.5.2 (Java/25.0.2)]
{"model":"gemma4","messages":[{"role":"user","content":"Answer this question about Capitals: What is the capital of France?"}],"stream":false,"tools":[],"options":{}}


Matched response definition:
{
  "status" : 200,
  "body" : "{\n  \"model\" : \"gemma3\",\n  \"created_at\" : \"2025-01-01T00:00:00.000000000Z\",\n  \"message\" : {\n    \"role\" : \"assistant\",\n    \"content\" : \"Paris\"\n  },\n  \"done\" : true,\n  \"done_reason\" : \"stop\",\n  \"total_duration\" : 1000000000,\n  \"load_duration\" : 100000000,\n  \"prompt_eval_count\" : 10,\n  \"prompt_eval_duration\" : 200000000,\n  \"eval_count\" : 3,\n  \"eval_duration\" : 700000000\n}",
  "headers" : {
    "Content-Type" : "application/json"
  }
}

Response:
HTTP/1.1 200
Content-Type: [application/json]
Matched-Stub-Id: [bc8d51a7-9969-4cd9-968c-d0287c66a3b6]

]]></system-out>
  <system-err><![CDATA[]]></system-err>
</testsuite>
